{"/home/educin/Documentos/FullStack Master/ConvertMyMoney/lib/api-bcb.js": {"path":"/home/educin/Documentos/FullStack Master/ConvertMyMoney/lib/api-bcb.js","statementMap":{"0":{"start":{"line":1,"column":14},"end":{"line":1,"column":30}},"1":{"start":{"line":2,"column":17},"end":{"line":2,"column":38}},"2":{"start":{"line":5,"column":17},"end":{"line":5,"column":48}},"3":{"start":{"line":5,"column":23},"end":{"line":5,"column":48}},"4":{"start":{"line":6,"column":15},"end":{"line":6,"column":228}},"5":{"start":{"line":6,"column":23},"end":{"line":6,"column":228}},"6":{"start":{"line":7,"column":18},"end":{"line":7,"column":39}},"7":{"start":{"line":7,"column":25},"end":{"line":7,"column":39}},"8":{"start":{"line":8,"column":23},"end":{"line":8,"column":47}},"9":{"start":{"line":8,"column":30},"end":{"line":8,"column":47}},"10":{"start":{"line":10,"column":19},"end":{"line":25,"column":1}},"11":{"start":{"line":10,"column":73},"end":{"line":25,"column":1}},"12":{"start":{"line":11,"column":2},"end":{"line":24,"column":3}},"13":{"start":{"line":12,"column":22},"end":{"line":12,"column":32}},"14":{"start":{"line":13,"column":16},"end":{"line":13,"column":33}},"15":{"start":{"line":14,"column":19},"end":{"line":14,"column":39}},"16":{"start":{"line":15,"column":20},"end":{"line":15,"column":42}},"17":{"start":{"line":16,"column":4},"end":{"line":20,"column":5}},"18":{"start":{"line":17,"column":6},"end":{"line":17,"column":18}},"19":{"start":{"line":19,"column":6},"end":{"line":19,"column":20}},"20":{"start":{"line":22,"column":4},"end":{"line":22,"column":34}},"21":{"start":{"line":23,"column":4},"end":{"line":23,"column":16}},"22":{"start":{"line":27,"column":0},"end":{"line":35,"column":19}}},"fnMap":{"0":{"name":"(anonymous_0)","decl":{"start":{"line":5,"column":17},"end":{"line":5,"column":18}},"loc":{"start":{"line":5,"column":23},"end":{"line":5,"column":48}},"line":5},"1":{"name":"(anonymous_1)","decl":{"start":{"line":6,"column":15},"end":{"line":6,"column":16}},"loc":{"start":{"line":6,"column":23},"end":{"line":6,"column":228}},"line":6},"2":{"name":"(anonymous_2)","decl":{"start":{"line":7,"column":18},"end":{"line":7,"column":19}},"loc":{"start":{"line":7,"column":25},"end":{"line":7,"column":39}},"line":7},"3":{"name":"(anonymous_3)","decl":{"start":{"line":8,"column":23},"end":{"line":8,"column":24}},"loc":{"start":{"line":8,"column":30},"end":{"line":8,"column":47}},"line":8},"4":{"name":"(anonymous_4)","decl":{"start":{"line":10,"column":19},"end":{"line":10,"column":20}},"loc":{"start":{"line":10,"column":73},"end":{"line":25,"column":1}},"line":10},"5":{"name":"(anonymous_5)","decl":{"start":{"line":10,"column":73},"end":{"line":10,"column":74}},"loc":{"start":{"line":10,"column":84},"end":{"line":25,"column":1}},"line":10}},"branchMap":{"0":{"loc":{"start":{"line":16,"column":4},"end":{"line":20,"column":5}},"type":"if","locations":[{"start":{"line":16,"column":4},"end":{"line":20,"column":5}},{"start":{"line":16,"column":4},"end":{"line":20,"column":5}}],"line":16}},"s":{"0":1,"1":1,"2":1,"3":2,"4":1,"5":2,"6":1,"7":1,"8":1,"9":2,"10":1,"11":4,"12":4,"13":4,"14":4,"15":4,"16":3,"17":3,"18":1,"19":2,"20":1,"21":1,"22":1},"f":{"0":2,"1":2,"2":1,"3":2,"4":4,"5":4},"b":{"0":[1,2]},"_coverageSchema":"1a1c01bbd47fc00a2c39e90264f33305004495a9","hash":"e4198e4d1a8050e7b6dececeaf128aa852d5f6ab"}
,"/home/educin/Documentos/FullStack Master/ConvertMyMoney/lib/convert.js": {"path":"/home/educin/Documentos/FullStack Master/ConvertMyMoney/lib/convert.js","statementMap":{"0":{"start":{"line":1,"column":18},"end":{"line":3,"column":1}},"1":{"start":{"line":2,"column":2},"end":{"line":2,"column":53}},"2":{"start":{"line":5,"column":16},"end":{"line":7,"column":1}},"3":{"start":{"line":6,"column":2},"end":{"line":6,"column":37}},"4":{"start":{"line":9,"column":21},"end":{"line":12,"column":1}},"5":{"start":{"line":10,"column":2},"end":{"line":10,"column":33}},"6":{"start":{"line":11,"column":2},"end":{"line":11,"column":26}},"7":{"start":{"line":14,"column":0},"end":{"line":14,"column":53}}},"fnMap":{"0":{"name":"(anonymous_0)","decl":{"start":{"line":1,"column":18},"end":{"line":1,"column":19}},"loc":{"start":{"line":1,"column":43},"end":{"line":3,"column":1}},"line":1},"1":{"name":"(anonymous_1)","decl":{"start":{"line":5,"column":16},"end":{"line":5,"column":17}},"loc":{"start":{"line":5,"column":25},"end":{"line":7,"column":1}},"line":5},"2":{"name":"(anonymous_2)","decl":{"start":{"line":9,"column":21},"end":{"line":9,"column":22}},"loc":{"start":{"line":9,"column":30},"end":{"line":12,"column":1}},"line":9}},"branchMap":{},"s":{"0":1,"1":2,"2":1,"3":1,"4":1,"5":1,"6":1,"7":1},"f":{"0":2,"1":1,"2":1},"b":{},"_coverageSchema":"1a1c01bbd47fc00a2c39e90264f33305004495a9","hash":"7970bf3602bee304e3b506c559271b94c9ae949c"}
,"/home/educin/Documentos/FullStack Master/ConvertMyMoney/lib/datetime.js": {"path":"/home/educin/Documentos/FullStack Master/ConvertMyMoney/lib/datetime.js","statementMap":{"0":{"start":{"line":1,"column":23},"end":{"line":7,"column":1}},"1":{"start":{"line":2,"column":16},"end":{"line":2,"column":26}},"2":{"start":{"line":4,"column":4},"end":{"line":4,"column":119}},"3":{"start":{"line":6,"column":2},"end":{"line":6,"column":20}},"4":{"start":{"line":9,"column":0},"end":{"line":9,"column":35}}},"fnMap":{"0":{"name":"(anonymous_0)","decl":{"start":{"line":1,"column":23},"end":{"line":1,"column":24}},"loc":{"start":{"line":1,"column":29},"end":{"line":7,"column":1}},"line":1}},"branchMap":{},"s":{"0":1,"1":2,"2":2,"3":2,"4":1},"f":{"0":2},"b":{},"_coverageSchema":"1a1c01bbd47fc00a2c39e90264f33305004495a9","hash":"7f4593a672c32b310746bd5abcf27b2b0276d53f"}
}
